[
    {
        "opcode": "alloc",
        "body": {
            "name": "n",
            "value": 20
        }
    },
    {
        "opcode": "alloc",
        "body": {
            "name": "i",
            "value": 19
        }
    },
    {
        "opcode": "jle",
        "condition": {
            "left": [
                "i"
            ],
            "right": [
                "0"
            ],
            "jmp_arg": 0
        }
    },
    {
        "opcode": "je",
        "condition": {
            "left": {
                "opcode": "div",
                "body": {
                    "left": "n",
                    "right": "i"
                }
            },
            "right": [
                "0"
            ],
            "jmp_arg": 0
        }
    },
    {
        "opcode": "assign",
        "body": {
            "left": "i",
            "right": {
                "opcode": "dec",
                "body": {
                    "name": "i"
                }
            }
        }
    },
    {
        "opcode": "alternative"
    },
    {
        "opcode": "assign",
        "body": {
            "left": "n",
            "right": {
                "opcode": "add",
                "body": {
                    "left": "n",
                    "right": "20"
                }
            }
        }
    },
    {
        "opcode": "assign",
        "body": {
            "left": "i",
            "right": "19"
        }
    },
    {
        "opcode": "je",
        "condition": {
            "left": [
                "i"
            ],
            "right": [
                "1"
            ],
            "jmp_arg": 0
        }
    },
    {
        "opcode": "print",
        "variable": "n"
    },
    {
        "opcode": "halt"
    }
]